<?xml version="1.0" encoding="UTF-8"?>
<!-- Generated by org.testng.reporters.JUnitXMLReporter -->
<testsuite ignored="0" hostname="Venkat" failures="0" tests="5" name="first" time="0.063" errors="0" timestamp="2024-07-16T20:34:05 IST">
  <testcase classname="FirstSelenium1.Sample.FirstTest" name="dus" time="0.005"/>
  <testcase classname="FirstSelenium1.Sample.FirstTest" name="dus1" time="0.001"/>
  <testcase classname="FirstSelenium1.Sample.FirstTest" name="run" time="0.001"/>
  <testcase classname="FirstSelenium1.Sample.FirstTest" name="run" time="0.001"/>
  <testcase classname="FirstSelenium1.Sample.FirstTest" name="sun" time="0.0"/>
</testsuite> <!-- first -->
