<?xml version="1.0" encoding="UTF-8"?>
<testng-results ignored="0" total="7" passed="7" failed="0" skipped="0">
  <reporter-output>
  </reporter-output>
  <suite started-at="2024-07-16T20:34:05 IST" name="Suite" finished-at="2024-07-16T20:34:05 IST" duration-ms="63">
    <groups>
      <group name="test2">
        <method signature="FirstTest.dus1()[pri:0, instance:FirstSelenium1.Sample.FirstTest@78b66d36]" name="dus1" class="FirstSelenium1.Sample.FirstTest"/>
      </group> <!-- test2 -->
      <group name="test1">
        <method signature="FirstTest.dus()[pri:0, instance:FirstSelenium1.Sample.FirstTest@78b66d36]" name="dus" class="FirstSelenium1.Sample.FirstTest"/>
      </group> <!-- test1 -->
    </groups>
    <test started-at="2024-07-16T20:34:05 IST" name="first" finished-at="2024-07-16T20:34:05 IST" duration-ms="63">
      <class name="FirstSelenium1.Sample.FirstTest">
        <test-method signature="dus()[pri:0, instance:FirstSelenium1.Sample.FirstTest@78b66d36]" started-at="2024-07-16T20:34:05 IST" name="dus" finished-at="2024-07-16T20:34:05 IST" duration-ms="5" status="PASS">
          <reporter-output>
          </reporter-output>
        </test-method> <!-- dus -->
        <test-method signature="dus1()[pri:0, instance:FirstSelenium1.Sample.FirstTest@78b66d36]" started-at="2024-07-16T20:34:05 IST" name="dus1" finished-at="2024-07-16T20:34:05 IST" duration-ms="1" status="PASS">
          <reporter-output>
          </reporter-output>
        </test-method> <!-- dus1 -->
        <test-method signature="run(java.lang.String,java.lang.String)[pri:0, instance:FirstSelenium1.Sample.FirstTest@78b66d36]" started-at="2024-07-16T20:34:05 IST" name="run" data-provider="first" finished-at="2024-07-16T20:34:05 IST" duration-ms="1" status="PASS">
          <params>
            <param index="0">
              <value>
                <![CDATA[somesh]]>
              </value>
            </param>
            <param index="1">
              <value>
                <![CDATA[sanjana]]>
              </value>
            </param>
          </params>
          <reporter-output>
          </reporter-output>
        </test-method> <!-- run -->
        <test-method signature="run(java.lang.String,java.lang.String)[pri:0, instance:FirstSelenium1.Sample.FirstTest@78b66d36]" started-at="2024-07-16T20:34:05 IST" name="run" data-provider="first" finished-at="2024-07-16T20:34:05 IST" duration-ms="1" status="PASS">
          <params>
            <param index="0">
              <value>
                <![CDATA[srujana]]>
              </value>
            </param>
            <param index="1">
              <value>
                <![CDATA[sanjeevini]]>
              </value>
            </param>
          </params>
          <reporter-output>
          </reporter-output>
        </test-method> <!-- run -->
        <test-method signature="sun()[pri:0, instance:FirstSelenium1.Sample.FirstTest@78b66d36]" started-at="2024-07-16T20:34:05 IST" name="sun" finished-at="2024-07-16T20:34:05 IST" duration-ms="0" status="PASS">
          <reporter-output>
          </reporter-output>
        </test-method> <!-- sun -->
      </class> <!-- FirstSelenium1.Sample.FirstTest -->
    </test> <!-- first -->
    <test started-at="2024-07-16T20:34:05 IST" name="second" finished-at="2024-07-16T20:34:05 IST" duration-ms="53">
      <class name="FirstSelenium1.Sample.SecondTest">
        <test-method signature="run()[pri:0, instance:FirstSelenium1.Sample.SecondTest@647e447]" started-at="2024-07-16T20:34:05 IST" name="run" finished-at="2024-07-16T20:34:05 IST" duration-ms="5" status="PASS">
          <reporter-output>
          </reporter-output>
        </test-method> <!-- run -->
        <test-method signature="sun()[pri:0, instance:FirstSelenium1.Sample.SecondTest@647e447]" started-at="2024-07-16T20:34:05 IST" name="sun" finished-at="2024-07-16T20:34:05 IST" duration-ms="1" status="PASS">
          <reporter-output>
          </reporter-output>
        </test-method> <!-- sun -->
      </class> <!-- FirstSelenium1.Sample.SecondTest -->
    </test> <!-- second -->
  </suite> <!-- Suite -->
</testng-results>
