<?xml version="1.0" encoding="UTF-8"?>
<testsuite xmlns:xsi="http://www.w3.org/2001/XMLSchema-instance" xsi:noNamespaceSchemaLocation="https://maven.apache.org/surefire/maven-surefire-plugin/xsd/surefire-test-report.xsd" version="3.0.2" name="TestSuite" time="0.565" tests="7" errors="0" skipped="0" failures="0">
  <properties>
[...]
</properties>
  <testcase name="dus" classname="FirstSelenium1.Sample.FirstTest" time="0.007">
    <system-out><![CDATA[it is working11
it is groups
]]></system-out>
    <system-err><![CDATA[SLF4J: Failed to load class "org.slf4j.impl.StaticLoggerBinder".
SLF4J: Defaulting to no-operation (NOP) logger implementation
SLF4J: See http://www.slf4j.org/codes.html#StaticLoggerBinder for further details.
]]></system-err>
  </testcase>
  <testcase name="dus1" classname="FirstSelenium1.Sample.FirstTest" time="0.0">
    <system-out><![CDATA[it is groups work
]]></system-out>
  </testcase>
  <testcase name="run[somesh, sanjana](1)" classname="FirstSelenium1.Sample.FirstTest" time="0.001">
    <system-out><![CDATA[it is working
someshsanjana
]]></system-out>
  </testcase>
  <testcase name="run[srujana, sanjeevini](2)" classname="FirstSelenium1.Sample.FirstTest" time="0.001">
    <system-out><![CDATA[it is working
srujanasanjeevini
]]></system-out>
  </testcase>
  <testcase name="sun" classname="FirstSelenium1.Sample.FirstTest" time="0.001">
    <system-out><![CDATA[it is sun
]]></system-out>
  </testcase>
  <testcase name="run" classname="FirstSelenium1.Sample.SecondTest" time="0.01"/>
  <testcase name="sun" classname="FirstSelenium1.Sample.SecondTest" time="0.001">
    <system-out><![CDATA[it is sun11
]]></system-out>
  </testcase>
</testsuite>